<?xml version="1.0" encoding="UTF-8"?>
<!-- Generated by org.testng.reporters.JUnitReportReporter -->
<testsuite hostname="Ganesh-SFIN807" failures="0" tests="2" name="tests.FirstTest" time="1.756" errors="0" timestamp="2024-05-17T09:45:33 IST" skipped="0">
  <testcase classname="tests.FirstTest" name="test1" time="1.619"/>
  <testcase classname="tests.FirstTest" name="test2" time="0.137"/>
</testsuite> <!-- tests.FirstTest -->
