<?xml version="1.0" encoding="UTF-8"?>
<!-- Generated by org.testng.reporters.JUnitReportReporter -->
<testsuite hostname="Ganesh-SFIN807" failures="0" tests="2" name="tests.GetAndPost" time="2.536" errors="0" timestamp="2024-05-24T11:11:39 IST" skipped="0">
  <testcase classname="tests.GetAndPost" name="testPost" time="0.449"/>
  <testcase classname="tests.GetAndPost" name="testGet" time="2.087"/>
</testsuite> <!-- tests.GetAndPost -->
