<?xml version="1.0" encoding="UTF-8"?>
<!-- Generated by org.testng.reporters.JUnitReportReporter -->
<testsuite hostname="Ganesh-SFIN807" failures="0" tests="1" name="tests.JsonSchemaValidator" time="1.868" errors="0" timestamp="2024-05-17T19:13:17 IST" skipped="0">
  <testcase classname="tests.JsonSchemaValidator" name="test2" time="1.868"/>
</testsuite> <!-- tests.JsonSchemaValidator -->
