<?xml version="1.0" encoding="UTF-8"?>
<!-- Generated by org.testng.reporters.JUnitReportReporter -->
<testsuite hostname="Ganesh-SFIN807" failures="0" tests="2" name="tests.GetAndPost" time="2.216" errors="0" timestamp="2024-05-17T12:56:47 IST" skipped="0">
  <testcase classname="tests.GetAndPost" name="testGet" time="1.714"/>
  <testcase classname="tests.GetAndPost" name="testPost" time="0.502"/>
</testsuite> <!-- tests.GetAndPost -->
